#
# A fatal error has been detected by the Java Runtime Environment:
#
#  EXCEPTION_ACCESS_VIOLATION (0xc0000005) at pc=0x5cf39ab5, pid=18312, tid=13104
#
# JRE version: Java(TM) SE Runtime Environment (8.0_66-b17) (build 1.8.0_66-b17)
# Java VM: Java HotSpot(TM) Client VM (25.66-b17 mixed mode windows-x86 )
# Problematic frame:
# C  [awt.dll+0xa9ab5]
#
# Failed to write core dump. Minidumps are not enabled by default on client versions of Windows
#
# If you would like to submit a bug report, please visit:
#   http://bugreport.java.com/bugreport/crash.jsp
# The crash happened outside the Java Virtual Machine in native code.
# See problematic frame for where to report the bug.
#

---------------  T H R E A D  ---------------

Current thread (0x27852400):  JavaThread "AWT-EventQueue-0" [_thread_in_native, id=13104, stack(0x26470000,0x264c0000)]

siginfo: ExceptionCode=0xc0000005, reading address 0x00000004

Registers:
EAX=0x0000000d, EBX=0x2838e768, ECX=0x00000000, EDX=0x00bef1b0
ESP=0x264bdfc8, EBP=0x77004840, ESI=0x27af1170, EDI=0xc7012a12
EIP=0x5cf39ab5, EFLAGS=0x00010217

Top of Stack: (sp=0x264bdfc8)
0x264bdfc8:   5cebe93f c7012a12 2838e768 27852540
0x264bdfd8:   264be098 264be550 5ceeb31f 27852540
0x264bdfe8:   2838e768 264be550 5ceeb336 00000001
0x264bdff8:   00000000 00000000 5cebbb85 27852540
0x264be008:   264be550 27852400 00000000 00000000
0x264be018:   264be0bc 02650348 27852400 27beb6e8
0x264be028:   264be554 27852540 078e59c0 27876104
0x264be038:   264be058 0268d393 27a2c1d8 24be2ed0 

Instructions: (pc=0x5cf39ab5)
0x5cf39a95:   00 00 c3 8b 41 04 8b 80 0c 0c 00 00 c3 8b 01 83
0x5cf39aa5:   78 04 08 7e 03 33 c0 c3 8b 49 04 e9 94 eb fe ff
0x5cf39ab5:   8b 49 04 85 c9 74 05 e9 a2 e9 fe ff 33 c0 c2 04
0x5cf39ac5:   00 8b 49 04 85 c9 74 05 e9 b7 e9 fe ff c2 04 00 


Register to memory mapping:

EAX=0x0000000d is an unknown value
EBX=0x2838e768 is an unknown value
ECX=0x00000000 is an unknown value
EDX=0x00bef1b0 is an unknown value
ESP=0x264bdfc8 is pointing into the stack for thread: 0x27852400
EBP=0x77004840 is an unknown value
ESI=0x27af1170 is an unknown value
EDI=0xc7012a12 is an unknown value


Stack: [0x26470000,0x264c0000],  sp=0x264bdfc8,  free space=311k
Native frames: (J=compiled Java code, j=interpreted, Vv=VM code, C=native code)
C  [awt.dll+0xa9ab5]

Java frames: (J=compiled Java code, j=interpreted, Vv=VM code)
J 2972  sun.java2d.windows.GDIBlitLoops.nativeBlit(Lsun/java2d/SurfaceData;Lsun/java2d/SurfaceData;Lsun/java2d/pipe/Region;IIIIIIIIIZ)V (0 bytes) @ 0x028cc098 [0x028cbfd0+0xc8]
J 48604 C1 sun.java2d.windows.GDIBlitLoops.Blit(Lsun/java2d/SurfaceData;Lsun/java2d/SurfaceData;Ljava/awt/Composite;Lsun/java2d/pipe/Region;IIIIII)V (37 bytes) @ 0x0265f058 [0x0265efc0+0x98]
J 48649 C1 sun.java2d.pipe.DrawImage.blitSurfaceData(Lsun/java2d/SunGraphics2D;Lsun/java2d/pipe/Region;Lsun/java2d/SurfaceData;Lsun/java2d/SurfaceData;Lsun/java2d/loops/SurfaceType;Lsun/java2d/loops/SurfaceType;IIIIIILjava/awt/Color;)V (145 bytes) @ 0x02876cfc [0x02876ae0+0x21c]
J 48648 C1 sun.java2d.pipe.DrawImage.renderImageCopy(Lsun/java2d/SunGraphics2D;Ljava/awt/Image;Ljava/awt/Color;IIIIII)Z (147 bytes) @ 0x027af098 [0x027aef80+0x118]
J 48651 C1 sun.java2d.pipe.DrawImage.copyImage(Lsun/java2d/SunGraphics2D;Ljava/awt/Image;IILjava/awt/Color;)Z (105 bytes) @ 0x028766e8 [0x02876510+0x1d8]
J 48647 C1 sun.java2d.pipe.DrawImage.copyImage(Lsun/java2d/SunGraphics2D;Ljava/awt/Image;IILjava/awt/Color;Ljava/awt/image/ImageObserver;)Z (60 bytes) @ 0x0274c924 [0x0274c7c0+0x164]
J 48746 C1 sun.java2d.pipe.ValidatePipe.copyImage(Lsun/java2d/SunGraphics2D;Ljava/awt/Image;IILjava/awt/Color;Ljava/awt/image/ImageObserver;)Z (29 bytes) @ 0x02768fa8 [0x02768f30+0x78]
J 48622 C1 sun.java2d.SunGraphics2D.drawImage(Ljava/awt/Image;IILjava/awt/Color;Ljava/awt/image/ImageObserver;)Z (145 bytes) @ 0x027a3444 [0x027a3250+0x1f4]
J 48621 C1 sun.java2d.SunGraphics2D.drawImage(Ljava/awt/Image;IILjava/awt/image/ImageObserver;)Z (11 bytes) @ 0x0269c8c0 [0x0269c880+0x40]
J 49031 C1 javax.swing.RepaintManager$PaintManager.paintDoubleBuffered(Ljavax/swing/JComponent;Ljava/awt/Image;Ljava/awt/Graphics;IIII)V (294 bytes) @ 0x02645c88 [0x02645ae0+0x1a8]
j  javax.swing.RepaintManager$PaintManager.paint(Ljavax/swing/JComponent;Ljavax/swing/JComponent;Ljava/awt/Graphics;IIII)Z+116
J 48484 C1 javax.swing.RepaintManager.paint(Ljavax/swing/JComponent;Ljavax/swing/JComponent;Ljava/awt/Graphics;IIII)V (93 bytes) @ 0x028ccfdc [0x028cce00+0x1dc]
j  javax.swing.JComponent.paint(Ljava/awt/Graphics;)V+221
j  java.awt.GraphicsCallback$PaintCallback.run(Ljava/awt/Component;Ljava/awt/Graphics;)V+2
j  sun.awt.SunGraphicsCallback.runOneComponent(Ljava/awt/Component;Ljava/awt/Rectangle;Ljava/awt/Graphics;Ljava/awt/Shape;I)V+155
j  sun.awt.SunGraphicsCallback.runComponents([Ljava/awt/Component;Ljava/awt/Graphics;I)V+194
j  java.awt.Container.paint(Ljava/awt/Graphics;)V+58
j  java.awt.Window.paint(Ljava/awt/Graphics;)V+68
J 48424 C1 javax.swing.RepaintManager$4.run()Ljava/lang/Void; (278 bytes) @ 0x02858d74 [0x02858aa0+0x2d4]
J 48423 C1 javax.swing.RepaintManager$4.run()Ljava/lang/Object; (5 bytes) @ 0x0281b220 [0x0281b200+0x20]
v  ~StubRoutines::call_stub
J 1603  java.security.AccessController.doPrivileged(Ljava/security/PrivilegedAction;Ljava/security/AccessControlContext;)Ljava/lang/Object; (0 bytes) @ 0x0285f387 [0x0285f320+0x67]
J 49032 C1 javax.swing.RepaintManager.paintDirtyRegions(Ljava/util/Map;)V (196 bytes) @ 0x02769afc [0x02769720+0x3dc]
J 48486 C1 javax.swing.RepaintManager.paintDirtyRegions()V (50 bytes) @ 0x0263b924 [0x0263b7e0+0x144]
J 48474 C1 javax.swing.RepaintManager.prePaintDirtyRegions()V (91 bytes) @ 0x026780b4 [0x02677ef0+0x1c4]
J 48513 C1 javax.swing.RepaintManager$ProcessingRunnable.run()V (41 bytes) @ 0x02625524 [0x026253f0+0x134]
J 38687 C1 java.awt.event.InvocationEvent.dispatch()V (69 bytes) @ 0x026cf51c [0x026cf430+0xec]
J 38691 C1 java.awt.EventQueue.dispatchEventImpl(Ljava/awt/AWTEvent;Ljava/lang/Object;)V (149 bytes) @ 0x0275e7cc [0x0275e310+0x4bc]
J 38688 C1 java.awt.EventQueue$3.run()Ljava/lang/Void; (60 bytes) @ 0x0282dddc [0x0282dd80+0x5c]
J 38686 C1 java.awt.EventQueue$3.run()Ljava/lang/Object; (5 bytes) @ 0x0265b9e0 [0x0265b9c0+0x20]
v  ~StubRoutines::call_stub
J 1603  java.security.AccessController.doPrivileged(Ljava/security/PrivilegedAction;Ljava/security/AccessControlContext;)Ljava/lang/Object; (0 bytes) @ 0x0285f387 [0x0285f320+0x67]
J 29546 C1 java.awt.EventQueue.dispatchEvent(Ljava/awt/AWTEvent;)V (80 bytes) @ 0x0286fcc8 [0x0286fac0+0x208]
J 1556 C1 java.awt.EventDispatchThread.pumpOneEventForFilters(I)V (295 bytes) @ 0x02849e54 [0x028497c0+0x694]
J 3229% C1 java.awt.EventDispatchThread.pumpEventsForFilter(ILjava/awt/Conditional;Ljava/awt/EventFilter;)V (47 bytes) @ 0x0263752c [0x02637480+0xac]
j  java.awt.EventDispatchThread.pumpEventsForHierarchy(ILjava/awt/Conditional;Ljava/awt/Component;)V+11
j  java.awt.EventDispatchThread.pumpEvents(ILjava/awt/Conditional;)V+4
j  java.awt.EventDispatchThread.pumpEvents(Ljava/awt/Conditional;)V+3
j  java.awt.EventDispatchThread.run()V+9
v  ~StubRoutines::call_stub

---------------  P R O C E S S  ---------------

Java Threads: ( => current thread )
  0x27e7fc00 JavaThread "JmDNS(192-168-1-22.local.).Timer" daemon [_thread_blocked, id=17864, stack(0x26f30000,0x26f80000)]
  0x27e79c00 JavaThread "JmDNS(192-168-1-22.local.).State.Timer" [_thread_blocked, id=13672, stack(0x267e0000,0x26830000)]
  0x27e7bc00 JavaThread "JmDNS(192-168-1-22.local.).Timer" daemon [_thread_blocked, id=13740, stack(0x262c0000,0x26310000)]
  0x27e7c000 JavaThread "SocketListener(192-168-1-22.local.)" daemon [_thread_in_native, id=6300, stack(0x26230000,0x26280000)]
  0x27e7ec00 JavaThread "JmDNS(fe80:0:0:0:a96e:64b6:a104:41f3%eth4.local.).Timer" daemon [_thread_blocked, id=2904, stack(0x261a0000,0x261f0000)]
  0x27e7d000 JavaThread "JmDNS(fe80:0:0:0:a96e:64b6:a104:41f3%eth4.local.).State.Timer" [_thread_blocked, id=7076, stack(0x26110000,0x26160000)]
  0x27e7b000 JavaThread "JmDNS(fe80:0:0:0:a96e:64b6:a104:41f3%eth4.local.).Timer" daemon [_thread_blocked, id=8632, stack(0x26080000,0x260d0000)]
  0x27e79000 JavaThread "SocketListener(fe80:0:0:0:a96e:64b6:a104:41f3%eth4.local.)" daemon [_thread_in_native, id=13876, stack(0x24d90000,0x24de0000)]
  0x27e7a400 JavaThread "DestroyJavaVM" [_thread_blocked, id=13332, stack(0x02220000,0x02270000)]
  0x27851000 JavaThread "TimerQueue" daemon [_thread_blocked, id=3564, stack(0x26b70000,0x26bc0000)]
  0x27850400 JavaThread "Batik CleanerThread" daemon [_thread_blocked, id=18452, stack(0x26540000,0x26590000)]
=>0x27852400 JavaThread "AWT-EventQueue-0" [_thread_in_native, id=13104, stack(0x26470000,0x264c0000)]
  0x27853000 JavaThread "AWT-Shutdown" [_thread_blocked, id=16372, stack(0x25d70000,0x25dc0000)]
  0x2598e800 JavaThread "cc.arduino.packages.discoverers.network.BoardReachabilityFilter" [_thread_blocked, id=16796, stack(0x27330000,0x27380000)]
  0x25964800 JavaThread "cc.arduino.packages.discoverers.network.NetworkChecker" [_thread_blocked, id=2480, stack(0x272a0000,0x272f0000)]
  0x25951c00 JavaThread "cc.arduino.packages.discoverers.serial.SerialBoardsLister" [_thread_blocked, id=18944, stack(0x27210000,0x27260000)]
  0x258ee800 JavaThread "AWT-Windows" daemon [_thread_in_native, id=19240, stack(0x25e00000,0x25e50000)]
  0x258ed000 JavaThread "Java2D Disposer" daemon [_thread_blocked, id=5308, stack(0x25ce0000,0x25d30000)]
  0x25234c00 JavaThread "Service Thread" daemon [_thread_blocked, id=10656, stack(0x256d0000,0x25720000)]
  0x2521e000 JavaThread "C1 CompilerThread0" daemon [_thread_blocked, id=4820, stack(0x25640000,0x25690000)]
  0x2521c800 JavaThread "Attach Listener" daemon [_thread_blocked, id=1332, stack(0x255b0000,0x25600000)]
  0x2521a800 JavaThread "Signal Dispatcher" daemon [_thread_blocked, id=19100, stack(0x25520000,0x25570000)]
  0x251f7400 JavaThread "Finalizer" daemon [_thread_blocked, id=14460, stack(0x24d00000,0x24d50000)]
  0x251f2400 JavaThread "Reference Handler" daemon [_thread_blocked, id=10384, stack(0x24c70000,0x24cc0000)]

Other Threads:
  0x0239c400 VMThread [stack: 0x24c20000,0x24c70000] [id=12780]
  0x2524d000 WatcherThread [stack: 0x25760000,0x257b0000] [id=14172]

VM state:not at safepoint (normal execution)

VM Mutex/Monitor currently owned by a thread: None

Heap:
 def new generation   total 70464K, used 54382K [0x04600000, 0x09270000, 0x0f0a0000)
  eden space 62656K,  86% used [0x04600000, 0x07ae80e0, 0x08330000)
  from space 7808K,   2% used [0x08ad0000, 0x08b03880, 0x09270000)
  to   space 7808K,   0% used [0x08330000, 0x08330000, 0x08ad0000)
 tenured generation   total 156440K, used 141511K [0x0f0a0000, 0x18966000, 0x24600000)
   the space 156440K,  90% used [0x0f0a0000, 0x17ad1d80, 0x17ad1e00, 0x18966000)
 Metaspace       used 19142K, capacity 19546K, committed 19712K, reserved 19840K

Card table byte_map: [0x24600000,0x24710000] byte_map_base: 0x245dd000

Polling page: 0x00790000

CodeCache: size=32768Kb used=2061Kb max_used=3958Kb free=30706Kb
 bounds [0x02580000, 0x02960000, 0x04580000]
 total_blobs=1256 nmethods=972 adapters=212
 compilation: enabled

Compilation events (10 events):
Event: 784049.819 Thread 0x2521e000 49077             java.util.LinkedList$ListItr::hasNext (20 bytes)
Event: 784049.819 Thread 0x2521e000 nmethod 49077 0x02655848 code [0x02655940, 0x026559e0]
Event: 784049.821 Thread 0x2521e000 49078             java.util.LinkedList$ListItr::checkForComodification (23 bytes)
Event: 784049.822 Thread 0x2521e000 nmethod 49078 0x02771348 code [0x02771450, 0x0277152c]
Event: 784049.832 Thread 0x2521e000 49079             sun.font.FontDesignMetrics::stringWidth (154 bytes)
Event: 784049.833 Thread 0x2521e000 nmethod 49079 0x02945488 code [0x02945650, 0x02945acc]
Event: 784049.837 Thread 0x2521e000 49080             java.util.LinkedList$ListItr::next (56 bytes)
Event: 784049.838 Thread 0x2521e000 nmethod 49080 0x0275b2c8 code [0x0275b3e0, 0x0275b578]
Event: 784050.096 Thread 0x2521e000 49081             java.util.concurrent.locks.AbstractQueuedSynchronizer::compareAndSetState (13 bytes)
Event: 784050.096 Thread 0x2521e000 nmethod 49081 0x0285dbc8 code [0x0285dcc0, 0x0285dd60]

GC Heap History (10 events):
Event: 780512.180 GC heap before
{Heap before GC invocations=28460 (full 4):
 def new generation   total 70464K, used 62867K [0x04600000, 0x09270000, 0x0f0a0000)
  eden space 62656K, 100% used [0x04600000, 0x08330000, 0x08330000)
  from space 7808K,   2% used [0x08330000, 0x08364fa0, 0x08ad0000)
  to   space 7808K,   0% used [0x08ad0000, 0x08ad0000, 0x09270000)
 tenured generation   total 156440K, used 141500K [0x0f0a0000, 0x18966000, 0x24600000)
   the space 156440K,  90% used [0x0f0a0000, 0x17acf1a0, 0x17acf200, 0x18966000)
 Metaspace       used 19142K, capacity 19546K, committed 19712K, reserved 19840K
Event: 780512.184 GC heap after
Heap after GC invocations=28461 (full 4):
 def new generation   total 70464K, used 208K [0x04600000, 0x09270000, 0x0f0a0000)
  eden space 62656K,   0% used [0x04600000, 0x04600000, 0x08330000)
  from space 7808K,   2% used [0x08ad0000, 0x08b04388, 0x09270000)
  to   space 7808K,   0% used [0x08330000, 0x08330000, 0x08ad0000)
 tenured generation   total 156440K, used 141500K [0x0f0a0000, 0x18966000, 0x24600000)
   the space 156440K,  90% used [0x0f0a0000, 0x17acf3e8, 0x17acf400, 0x18966000)
 Metaspace       used 19142K, capacity 19546K, committed 19712K, reserved 19840K
}
Event: 780668.325 GC heap before
{Heap before GC invocations=28461 (full 4):
 def new generation   total 70464K, used 62864K [0x04600000, 0x09270000, 0x0f0a0000)
  eden space 62656K, 100% used [0x04600000, 0x08330000, 0x08330000)
  from space 7808K,   2% used [0x08ad0000, 0x08b04388, 0x09270000)
  to   space 7808K,   0% used [0x08330000, 0x08330000, 0x08ad0000)
 tenured generation   total 156440K, used 141500K [0x0f0a0000, 0x18966000, 0x24600000)
   the space 156440K,  90% used [0x0f0a0000, 0x17acf3e8, 0x17acf400, 0x18966000)
 Metaspace       used 19142K, capacity 19546K, committed 19712K, reserved 19840K
Event: 780668.329 GC heap after
Heap after GC invocations=28462 (full 4):
 def new generation   total 70464K, used 204K [0x04600000, 0x09270000, 0x0f0a0000)
  eden space 62656K,   0% used [0x04600000, 0x04600000, 0x08330000)
  from space 7808K,   2% used [0x08330000, 0x08363228, 0x08ad0000)
  to   space 7808K,   0% used [0x08ad0000, 0x08ad0000, 0x09270000)
 tenured generation   total 156440K, used 141500K [0x0f0a0000, 0x18966000, 0x24600000)
   the space 156440K,  90% used [0x0f0a0000, 0x17acf3e8, 0x17acf400, 0x18966000)
 Metaspace       used 19142K, capacity 19546K, committed 19712K, reserved 19840K
}
Event: 780826.863 GC heap before
{Heap before GC invocations=28462 (full 4):
 def new generation   total 70464K, used 62860K [0x04600000, 0x09270000, 0x0f0a0000)
  eden space 62656K, 100% used [0x04600000, 0x08330000, 0x08330000)
  from space 7808K,   2% used [0x08330000, 0x08363228, 0x08ad0000)
  to   space 7808K,   0% used [0x08ad0000, 0x08ad0000, 0x09270000)
 tenured generation   total 156440K, used 141500K [0x0f0a0000, 0x18966000, 0x24600000)
   the space 156440K,  90% used [0x0f0a0000, 0x17acf3e8, 0x17acf400, 0x18966000)
 Metaspace       used 19142K, capacity 19546K, committed 19712K, reserved 19840K
Event: 780826.867 GC heap after
Heap after GC invocations=28463 (full 4):
 def new generation   total 70464K, used 201K [0x04600000, 0x09270000, 0x0f0a0000)
  eden space 62656K,   0% used [0x04600000, 0x04600000, 0x08330000)
  from space 7808K,   2% used [0x08ad0000, 0x08b02510, 0x09270000)
  to   space 7808K,   0% used [0x08330000, 0x08330000, 0x08ad0000)
 tenured generation   total 156440K, used 141505K [0x0f0a0000, 0x18966000, 0x24600000)
   the space 156440K,  90% used [0x0f0a0000, 0x17ad04d0, 0x17ad0600, 0x18966000)
 Metaspace       used 19142K, capacity 19546K, committed 19712K, reserved 19840K
}
Event: 780985.743 GC heap before
{Heap before GC invocations=28463 (full 4):
 def new generation   total 70464K, used 62857K [0x04600000, 0x09270000, 0x0f0a0000)
  eden space 62656K, 100% used [0x04600000, 0x08330000, 0x08330000)
  from space 7808K,   2% used [0x08ad0000, 0x08b02510, 0x09270000)
  to   space 7808K,   0% used [0x08330000, 0x08330000, 0x08ad0000)
 tenured generation   total 156440K, used 141505K [0x0f0a0000, 0x18966000, 0x24600000)
   the space 156440K,  90% used [0x0f0a0000, 0x17ad04d0, 0x17ad0600, 0x18966000)
 Metaspace       used 19142K, capacity 19546K, committed 19712K, reserved 19840K
Event: 780985.747 GC heap after
Heap after GC invocations=28464 (full 4):
 def new generation   total 70464K, used 199K [0x04600000, 0x09270000, 0x0f0a0000)
  eden space 62656K,   0% used [0x04600000, 0x04600000, 0x08330000)
  from space 7808K,   2% used [0x08330000, 0x08361d60, 0x08ad0000)
  to   space 7808K,   0% used [0x08ad0000, 0x08ad0000, 0x09270000)
 tenured generation   total 156440K, used 141506K [0x0f0a0000, 0x18966000, 0x24600000)
   the space 156440K,  90% used [0x0f0a0000, 0x17ad0bb8, 0x17ad0c00, 0x18966000)
 Metaspace       used 19142K, capacity 19546K, committed 19712K, reserved 19840K
}
Event: 781142.539 GC heap before
{Heap before GC invocations=28464 (full 4):
 def new generation   total 70464K, used 62855K [0x04600000, 0x09270000, 0x0f0a0000)
  eden space 62656K, 100% used [0x04600000, 0x08330000, 0x08330000)
  from space 7808K,   2% used [0x08330000, 0x08361d60, 0x08ad0000)
  to   space 7808K,   0% used [0x08ad0000, 0x08ad0000, 0x09270000)
 tenured generation   total 156440K, used 141506K [0x0f0a0000, 0x18966000, 0x24600000)
   the space 156440K,  90% used [0x0f0a0000, 0x17ad0bb8, 0x17ad0c00, 0x18966000)
 Metaspace       used 19142K, capacity 19546K, committed 19712K, reserved 19840K
Event: 781142.541 GC heap after
Heap after GC invocations=28465 (full 4):
 def new generation   total 70464K, used 206K [0x04600000, 0x09270000, 0x0f0a0000)
  eden space 62656K,   0% used [0x04600000, 0x04600000, 0x08330000)
  from space 7808K,   2% used [0x08ad0000, 0x08b03880, 0x09270000)
  to   space 7808K,   0% used [0x08330000, 0x08330000, 0x08ad0000)
 tenured generation   total 156440K, used 141511K [0x0f0a0000, 0x18966000, 0x24600000)
   the space 156440K,  90% used [0x0f0a0000, 0x17ad1d80, 0x17ad1e00, 0x18966000)
 Metaspace       used 19142K, capacity 19546K, committed 19712K, reserved 19840K
}

Deoptimization events (0 events):
No events

Internal exceptions (10 events):
Event: 780035.417 Thread 0x27e7b400 Exception <a 'sun/nio/fs/WindowsException'> (0x080d5a08) thrown at [C:\re\workspace\8-2-build-windows-i586-cygwin\jdk8u66\4988\hotspot\src\share\vm\prims\jni.cpp, line 709]
Event: 780035.418 Thread 0x27e7b400 Exception <a 'sun/nio/fs/WindowsException'> (0x080deb68) thrown at [C:\re\workspace\8-2-build-windows-i586-cygwin\jdk8u66\4988\hotspot\src\share\vm\prims\jni.cpp, line 709]
Event: 780035.418 Thread 0x27e7b400 Exception <a 'sun/nio/fs/WindowsException'> (0x080df0c0) thrown at [C:\re\workspace\8-2-build-windows-i586-cygwin\jdk8u66\4988\hotspot\src\share\vm\prims\jni.cpp, line 709]
Event: 780035.418 Thread 0x27e7b400 Exception <a 'sun/nio/fs/WindowsException'> (0x080e8af8) thrown at [C:\re\workspace\8-2-build-windows-i586-cygwin\jdk8u66\4988\hotspot\src\share\vm\prims\jni.cpp, line 709]
Event: 780035.418 Thread 0x27e7b400 Exception <a 'sun/nio/fs/WindowsException'> (0x080e90c8) thrown at [C:\re\workspace\8-2-build-windows-i586-cygwin\jdk8u66\4988\hotspot\src\share\vm\prims\jni.cpp, line 709]
Event: 780035.419 Thread 0x27e7b400 Exception <a 'sun/nio/fs/WindowsException'> (0x080f2808) thrown at [C:\re\workspace\8-2-build-windows-i586-cygwin\jdk8u66\4988\hotspot\src\share\vm\prims\jni.cpp, line 709]
Event: 780035.419 Thread 0x27e7b400 Exception <a 'sun/nio/fs/WindowsException'> (0x080f2d60) thrown at [C:\re\workspace\8-2-build-windows-i586-cygwin\jdk8u66\4988\hotspot\src\share\vm\prims\jni.cpp, line 709]
Event: 780035.420 Thread 0x27e7b400 Exception <a 'sun/nio/fs/WindowsException'> (0x080fc1d8) thrown at [C:\re\workspace\8-2-build-windows-i586-cygwin\jdk8u66\4988\hotspot\src\share\vm\prims\jni.cpp, line 709]
Event: 780035.420 Thread 0x27e7b400 Exception <a 'sun/nio/fs/WindowsException'> (0x080fc740) thrown at [C:\re\workspace\8-2-build-windows-i586-cygwin\jdk8u66\4988\hotspot\src\share\vm\prims\jni.cpp, line 709]
Event: 784047.573 Thread 0x27e7d400 Exception <a 'java/net/SocketException': socket closed> (0x05fa7348) thrown at [C:\re\workspace\8-2-build-windows-i586-cygwin\jdk8u66\4988\hotspot\src\share\vm\prims\jni.cpp, line 735]

Events (10 events):
Event: 784048.573 Thread 0x27e7d000 Thread exited: 0x27e7d000
Event: 784048.573 Executing VM operation: RevokeBias
Event: 784048.573 Executing VM operation: RevokeBias done
Event: 784048.573 Thread 0x27e80000 Thread exited: 0x27e80000
Event: 784049.819 Thread 0x2521e000 flushing nmethod 0x0273cc88
Event: 784049.819 Thread 0x2521e000 flushing nmethod 0x0275b2c8
Event: 784049.819 Thread 0x2521e000 flushing nmethod 0x02761548
Event: 784049.819 Thread 0x2521e000 flushing nmethod 0x02771348
Event: 784049.822 Thread 0x2521e000 flushing nmethod 0x0282a1c8
Event: 784049.822 Thread 0x2521e000 flushing nmethod 0x02853248


Dynamic libraries:
0x00b70000 - 0x00ba3000 	G:\Dev\Arduino\java\bin\javaw.exe
0x77c80000 - 0x77e03000 	C:\WINDOWS\SYSTEM32\ntdll.dll
0x771a0000 - 0x77280000 	C:\WINDOWS\System32\KERNEL32.DLL
0x778e0000 - 0x77a81000 	C:\WINDOWS\System32\KERNELBASE.dll
0x743e0000 - 0x7442e000 	C:\Program Files (x86)\AVG\Av\avghookx.dll
0x77530000 - 0x775a7000 	C:\WINDOWS\System32\ADVAPI32.dll
0x77a90000 - 0x77b4e000 	C:\WINDOWS\System32\msvcrt.dll
0x774e0000 - 0x77521000 	C:\WINDOWS\System32\sechost.dll
0x76d10000 - 0x76dd1000 	C:\WINDOWS\System32\RPCRT4.dll
0x74740000 - 0x7475e000 	C:\WINDOWS\System32\SspiCli.dll
0x74730000 - 0x7473a000 	C:\WINDOWS\System32\CRYPTBASE.dll
0x77bc0000 - 0x77c1a000 	C:\WINDOWS\System32\bcryptPrimitives.dll
0x772d0000 - 0x7742f000 	C:\WINDOWS\System32\USER32.dll
0x77430000 - 0x77445000 	C:\WINDOWS\System32\win32u.dll
0x77000000 - 0x7702b000 	C:\WINDOWS\System32\GDI32.dll
0x77780000 - 0x778db000 	C:\WINDOWS\System32\gdi32full.dll
0x73a10000 - 0x73c1a000 	C:\WINDOWS\WinSxS\x86_microsoft.windows.common-controls_6595b64144ccf1df_6.0.14393.447_none_89c64d28dafea4b9\COMCTL32.dll
0x76de0000 - 0x76ff1000 	C:\WINDOWS\System32\combase.dll
0x76bd0000 - 0x76cb0000 	C:\WINDOWS\System32\ucrtbase.dll
0x74970000 - 0x74995000 	C:\WINDOWS\System32\IMM32.DLL
0x66180000 - 0x6623f000 	G:\Dev\Arduino\java\bin\msvcr100.dll
0x59740000 - 0x59b05000 	G:\Dev\Arduino\java\bin\client\jvm.dll
0x75670000 - 0x75676000 	C:\WINDOWS\System32\PSAPI.DLL
0x73150000 - 0x73158000 	C:\WINDOWS\SYSTEM32\WSOCK32.dll
0x76b60000 - 0x76bc3000 	C:\WINDOWS\System32\WS2_32.dll
0x73170000 - 0x73194000 	C:\WINDOWS\SYSTEM32\WINMM.dll
0x74720000 - 0x74728000 	C:\WINDOWS\SYSTEM32\VERSION.dll
0x72c20000 - 0x72c43000 	C:\WINDOWS\SYSTEM32\WINMMBASE.dll
0x77650000 - 0x77686000 	C:\WINDOWS\System32\cfgmgr32.dll
0x6a4e0000 - 0x6a511000 	G:\Dev\Arduino\java\bin\splashscreen.dll
0x73670000 - 0x736e5000 	C:\WINDOWS\system32\uxtheme.dll
0x73550000 - 0x7355c000 	G:\Dev\Arduino\java\bin\verify.dll
0x6a4b0000 - 0x6a4d1000 	G:\Dev\Arduino\java\bin\java.dll
0x74db0000 - 0x74ee5000 	C:\WINDOWS\System32\MSCTF.dll
0x775b0000 - 0x77644000 	C:\WINDOWS\System32\OLEAUT32.dll
0x75470000 - 0x754eb000 	C:\WINDOWS\System32\msvcp_win.dll
0x70ea0000 - 0x70eb3000 	G:\Dev\Arduino\java\bin\zip.dll
0x77190000 - 0x7719d000 	C:\WINDOWS\System32\kernel.appcore.dll
0x75680000 - 0x76a59000 	C:\WINDOWS\System32\SHELL32.dll
0x74f00000 - 0x7546e000 	C:\WINDOWS\System32\windows.storage.dll
0x77030000 - 0x77075000 	C:\WINDOWS\System32\powrprof.dll
0x77280000 - 0x772c6000 	C:\WINDOWS\System32\shlwapi.dll
0x76a60000 - 0x76ae8000 	C:\WINDOWS\System32\shcore.dll
0x77080000 - 0x7708f000 	C:\WINDOWS\System32\profapi.dll
0x02550000 - 0x02557000 	C:\Program Files (x86)\Internet Download Manager\idmmkb.dll
0x77090000 - 0x7717a000 	C:\WINDOWS\System32\ole32.dll
0x5ce90000 - 0x5cfd5000 	G:\Dev\Arduino\java\bin\awt.dll
0x74050000 - 0x740e2000 	C:\WINDOWS\SYSTEM32\apphelp.dll
0x731f0000 - 0x7320f000 	C:\WINDOWS\system32\dwmapi.dll
0x6a280000 - 0x6a2b9000 	G:\Dev\Arduino\java\bin\fontmanager.dll
0x70220000 - 0x70236000 	G:\Dev\Arduino\java\bin\net.dll
0x74270000 - 0x742be000 	C:\WINDOWS\system32\mswsock.dll
0x73540000 - 0x7354f000 	G:\Dev\Arduino\java\bin\nio.dll
0x68160000 - 0x68190000 	G:\Dev\Arduino\java\bin\t2k.dll
0x73470000 - 0x7349f000 	C:\WINDOWS\SYSTEM32\IPHLPAPI.DLL
0x76b50000 - 0x76b57000 	C:\WINDOWS\System32\NSI.dll
0x74030000 - 0x74043000 	C:\WINDOWS\SYSTEM32\dhcpcsvc6.DLL
0x740f0000 - 0x74104000 	C:\WINDOWS\SYSTEM32\dhcpcsvc.DLL
0x61940000 - 0x61976000 	G:\Dev\Arduino\lib\listSerialsj.dll
0x749a0000 - 0x74dab000 	C:\WINDOWS\System32\SETUPAPI.dll
0x737a0000 - 0x737b3000 	C:\WINDOWS\SYSTEM32\CRYPTSP.dll
0x73770000 - 0x7379f000 	C:\WINDOWS\system32\rsaenh.dll
0x72af0000 - 0x72b0b000 	C:\WINDOWS\SYSTEM32\bcrypt.dll
0x73130000 - 0x7314a000 	C:\WINDOWS\SYSTEM32\USERENV.dll
0x274e0000 - 0x2751d000 	C:\Users\Ramenga\AppData\Local\Temp\jna--1653300159\jna5042249963581470464.dll
0x74150000 - 0x741cc000 	C:\WINDOWS\SYSTEM32\DNSAPI.dll
0x74140000 - 0x74148000 	C:\Windows\System32\rasadhlp.dll
0x64000000 - 0x6401b000 	C:\Users\Ramenga\.jssc\windows\jSSC-2.8_x86.dll
0x684c0000 - 0x684e2000 	C:\WINDOWS\SYSTEM32\DEVOBJ.dll
0x77b70000 - 0x77bb4000 	C:\WINDOWS\System32\WINTRUST.dll
0x74ef0000 - 0x74efe000 	C:\WINDOWS\System32\MSASN1.dll
0x754f0000 - 0x7566d000 	C:\WINDOWS\System32\CRYPT32.dll
0x66ae0000 - 0x66b49000 	G:\Dev\Arduino\msvcp100.dll
0x5f4f0000 - 0x5f5ae000 	G:\Dev\Arduino\msvcr100.dll
0x264c0000 - 0x264f2000 	G:\Dev\Arduino\lib\AStylej.dll
0x67390000 - 0x673b4000 	G:\Dev\Arduino\java\bin\dcpr.dll
0x77450000 - 0x774d4000 	C:\WINDOWS\System32\clbcatq.dll
0x70fe0000 - 0x7114e000 	C:\WINDOWS\SYSTEM32\WindowsCodecs.dll
0x70e00000 - 0x70e44000 	C:\WINDOWS\system32\dataexchange.dll
0x70bd0000 - 0x70dff000 	C:\WINDOWS\system32\d3d11.dll
0x70ab0000 - 0x70bc3000 	C:\WINDOWS\system32\dcomp.dll
0x6d7d0000 - 0x6d854000 	C:\WINDOWS\system32\dxgi.dll
0x6ab80000 - 0x6ac71000 	C:\WINDOWS\system32\twinapi.appcore.dll
0x73fe0000 - 0x74029000 	C:\WINDOWS\System32\fwpuclnt.dll
0x77690000 - 0x77775000 	C:\WINDOWS\System32\COMDLG32.dll
0x6a0f0000 - 0x6a23f000 	C:\WINDOWS\system32\propsys.dll
0x5ebb0000 - 0x5ec2b000 	C:\Program Files (x86)\Common Files\microsoft shared\ink\tiptsf.dll
0x71a90000 - 0x71acd000 	C:\WINDOWS\SYSTEM32\edputil.dll
0x70e50000 - 0x70e93000 	C:\Windows\System32\thumbcache.dll
0x6fff0000 - 0x700b1000 	C:\WINDOWS\SYSTEM32\ntshrui.dll
0x71720000 - 0x7173c000 	C:\WINDOWS\SYSTEM32\srvcli.dll
0x73460000 - 0x7346f000 	C:\WINDOWS\SYSTEM32\cscapi.dll
0x67900000 - 0x6793f000 	C:\WINDOWS\SYSTEM32\policymanager.dll
0x67850000 - 0x678b7000 	C:\WINDOWS\SYSTEM32\msvcp110_win.dll
0x57fd0000 - 0x581cf000 	C:\Users\Ramenga\AppData\Local\Microsoft\OneDrive\17.3.6743.1212\FileSyncShell.dll
0x74440000 - 0x7466f000 	C:\WINDOWS\SYSTEM32\WININET.dll
0x6e300000 - 0x6e371000 	C:\Users\Ramenga\AppData\Local\Microsoft\OneDrive\17.3.6743.1212\MSVCP120.dll
0x66ca0000 - 0x66d8e000 	C:\Users\Ramenga\AppData\Local\Microsoft\OneDrive\17.3.6743.1212\MSVCR120.dll
0x6ffd0000 - 0x6ffe8000 	C:\Users\Ramenga\AppData\Local\Microsoft\OneDrive\17.3.6743.1212\LoggingPlatform.DLL
0x66bb0000 - 0x66bff000 	C:\Users\Ramenga\AppData\Local\Microsoft\OneDrive\17.3.6743.1212\Telemetry.dll
0x68650000 - 0x68671000 	C:\WINDOWS\SYSTEM32\Cabinet.dll
0x73d00000 - 0x73da0000 	C:\WINDOWS\SYSTEM32\WINHTTP.dll
0x71760000 - 0x71772000 	C:\WINDOWS\system32\mssprxy.dll
0x5fa20000 - 0x5fa4e000 	C:\WINDOWS\SYSTEM32\XmlLite.dll
0x71a50000 - 0x71a5d000 	C:\WINDOWS\SYSTEM32\LINKINFO.dll
0x5f6f0000 - 0x5f876000 	C:\Windows\System32\ActXPrxy.dll
0x69040000 - 0x690ef000 	C:\WINDOWS\system32\Windows.Storage.Search.dll
0x68fe0000 - 0x69033000 	C:\WINDOWS\SYSTEM32\searchfolder.dll
0x68680000 - 0x68705000 	C:\WINDOWS\System32\StructuredQuery.dll
0x5b980000 - 0x5baa4000 	C:\WINDOWS\system32\NetworkExplorer.dll
0x72840000 - 0x729d4000 	C:\WINDOWS\SYSTEM32\urlmon.dll
0x72610000 - 0x72839000 	C:\WINDOWS\SYSTEM32\iertutil.dll
0x6e9f0000 - 0x6f598000 	C:\Windows\System32\ieframe.dll
0x73ee0000 - 0x73ef3000 	C:\Windows\System32\NETAPI32.dll
0x73eb0000 - 0x73ebb000 	C:\Windows\System32\NETUTILS.DLL
0x73ec0000 - 0x73ed0000 	C:\Windows\System32\WKSCLI.DLL
0x73450000 - 0x7345a000 	C:\WINDOWS\SYSTEM32\Secur32.dll
0x71a60000 - 0x71a75000 	C:\WINDOWS\SYSTEM32\samcli.dll
0x5a120000 - 0x5a13a000 	C:\WINDOWS\SYSTEM32\SAMLIB.dll
0x73e10000 - 0x73e26000 	C:\WINDOWS\SYSTEM32\MPR.dll
0x719b0000 - 0x719c2000 	C:\WINDOWS\System32\ntlanman.dll
0x72d80000 - 0x72d89000 	C:\WINDOWS\System32\drprov.dll
0x703e0000 - 0x70423000 	C:\WINDOWS\System32\WINSTA.dll
0x704c0000 - 0x704da000 	C:\WINDOWS\System32\davclnt.dll
0x72be0000 - 0x72beb000 	C:\WINDOWS\System32\DAVHLPR.dll
0x6ac80000 - 0x6acc2000 	C:\Windows\System32\dlnashext.dll
0x3f740000 - 0x3f92f000 	C:\WINDOWS\system32\wpdshext.dll
0x712a0000 - 0x71409000 	C:\WINDOWS\WinSxS\x86_microsoft.windows.gdiplus_6595b64144ccf1df_1.1.14393.321_none_baab3cb4359688b4\gdiplus.dll

VM Arguments:
jvm_args: -Dsun.java2d.d3d=false -DAPP_DIR=G:\Dev\Arduino -Xms128M -Xmx512M 
java_command: processing.app.Base C:\Users\Ramenga\Documents\Arduino\canon3\canon3.ino
java_class_path (initial): G:\Dev\Arduino\lib\apple.jar;G:\Dev\Arduino\lib\arduino-core.jar;G:\Dev\Arduino\lib\batik-1.8.jar;G:\Dev\Arduino\lib\batik-anim-1.8.jar;G:\Dev\Arduino\lib\batik-awt-util-1.8.jar;G:\Dev\Arduino\lib\batik-bridge-1.8.jar;G:\Dev\Arduino\lib\batik-codec-1.8.jar;G:\Dev\Arduino\lib\batik-css-1.8.jar;G:\Dev\Arduino\lib\batik-dom-1.8.jar;G:\Dev\Arduino\lib\batik-ext-1.8.jar;G:\Dev\Arduino\lib\batik-gvt-1.8.jar;G:\Dev\Arduino\lib\batik-parser-1.8.jar;G:\Dev\Arduino\lib\batik-rasterizer-1.8.jar;G:\Dev\Arduino\lib\batik-script-1.8.jar;G:\Dev\Arduino\lib\batik-squiggle-1.8.jar;G:\Dev\Arduino\lib\batik-svg-dom-1.8.jar;G:\Dev\Arduino\lib\batik-svgpp-1.8.jar;G:\Dev\Arduino\lib\batik-transcoder-1.8.jar;G:\Dev\Arduino\lib\batik-util-1.8.jar;G:\Dev\Arduino\lib\batik-xml-1.8.jar;G:\Dev\Arduino\lib\bcpg-jdk15on-152.jar;G:\Dev\Arduino\lib\bcprov-jdk15on-152.jar;G:\Dev\Arduino\lib\commons-codec-1.7.jar;G:\Dev\Arduino\lib\commons-compress-1.8.jar;G:\Dev\Arduino\lib\commons-exec-1.1.jar;G:\Dev\Arduino\lib\commons-httpclient-3.1.jar;G:\Dev\Arduino\lib\commons-lang3-3.3.2.jar;G:\Dev\Arduino\lib\commons-logging-1.0.4.jar;G:\Dev\Arduino\lib\commons-net-3.3.jar;G:\Dev\Arduino\lib\jackson-annotations-2.6.3.jar;G:\Dev\Arduino\lib\jackson-core-2.6.3.jar;G:\Dev\Arduino\lib\jackson-databind-2.6.3.jar;G:\Dev\Arduino\lib\jackson-module-mrbean-2.6.3.jar;G:\Dev\Arduino\lib\java-semver-0.8.0.jar;G:\Dev\Arduino\lib\jmdns-3.4.1.jar;G:\Dev\Arduino\lib\jna-4.1.0.jar;G:\Dev\Arduino\lib\jna-platform-4.1.0.jar;G:\Dev\Arduino\lib\jsch-0.1.50.jar;G:\Dev\Arduino\lib\jssc-2.8.0.jar;G:\Dev\Arduino\lib\pde.jar;G:\Dev\Arduino\lib\rsyntaxtextarea-2.5.8.1+arduino.jar;G:\Dev\Arduino\lib\xml-apis-1.3.04.jar;G:\Dev\Arduino\lib\xml-apis-ext-1.3.04.jar;G:\Dev\Arduino\lib\xmlgraphics-commons-2.0.jar
Launcher Type: SUN_STANDARD

Environment Variables:
PATH=C:\WINDOWS\system32;C:\WINDOWS;C:\WINDOWS\System32\Wbem;C:\WINDOWS\System32\WindowsPowerShell\v1.0\;C:\Program Files (x86)\NVIDIA Corporation\PhysX\Common;%SystemRoot%\system32;%SystemRoot%;%SystemRoot%\System32\Wbem;%SYSTEMROOT%\System32\WindowsPowerShell\v1.0\;c:\users\ramenga\documents\canopy\user\scripts;C:\Users\Ramenga\Documents\Canopy\User;C:\Users\Ramenga\Documents\Canopy\User\Scripts;%USERPROFILE%\AppData\Local\Microsoft\WindowsApps;;G:\Dev\Arduino\java\bin
USERNAME=Ramenga
OS=Windows_NT
PROCESSOR_IDENTIFIER=Intel64 Family 6 Model 58 Stepping 9, GenuineIntel



---------------  S Y S T E M  ---------------

OS: Windows 10.0 , 64 bit Build 14393 (10.0.14393.0)

CPU:total 8 (4 cores per cpu, 2 threads per core) family 6 model 58 stepping 9, cmov, cx8, fxsr, mmx, sse, sse2, sse3, ssse3, sse4.1, sse4.2, popcnt, avx, aes, clmul, erms, ht, tsc, tscinvbit, tscinv

Memory: 4k page, physical 8334620k(3501432k free), swap 13128864k(2918764k free)

vm_info: Java HotSpot(TM) Client VM (25.66-b17) for windows-x86 JRE (1.8.0_66-b17), built on Oct  6 2015 19:59:47 by "java_re" with MS VC++ 10.0 (VS2010)

time: Sun Feb 12 19:44:34 2017
elapsed time: 784056 seconds (9d 1h 47m 36s)

